This is pdfTeX, Version 3.14159265-2.6-1.40.17 (TeX Live 2016) (preloaded format=pdflatex 2016.8.22)  6 SEP 2016 16:42
entering extended mode
 restricted \write18 enabled.
 %&-line parsing enabled.
**sbe-25.tex
(./sbe-25.tex
LaTeX2e <2016/03/31> patch level 3
Babel <3.9r> and hyphenation patterns for 15 language(s) loaded.
(/usr/local/texlive/texmf-dist/tex/latex/base/book.cls
Document Class: book 2014/09/29 v1.4h Standard LaTeX document class
(/usr/local/texlive/texmf-dist/tex/latex/base/bk12.clo
File: bk12.clo 2014/09/29 v1.4h Standard LaTeX file (size option)
)
\c@part=\count79
\c@chapter=\count80
\c@section=\count81
\c@subsection=\count82
\c@subsubsection=\count83
\c@paragraph=\count84
\c@subparagraph=\count85
\c@figure=\count86
\c@table=\count87
\abovecaptionskip=\skip41
\belowcaptionskip=\skip42
\bibindent=\dimen102
) (./sbe-25.aux)
\openout1 = `sbe-25.aux'.

LaTeX Font Info:    Checking defaults for OML/cmm/m/it on input line 6.
LaTeX Font Info:    ... okay on input line 6.
LaTeX Font Info:    Checking defaults for T1/cmr/m/n on input line 6.
LaTeX Font Info:    ... okay on input line 6.
LaTeX Font Info:    Checking defaults for OT1/cmr/m/n on input line 6.
LaTeX Font Info:    ... okay on input line 6.
LaTeX Font Info:    Checking defaults for OMS/cmsy/m/n on input line 6.
LaTeX Font Info:    ... okay on input line 6.
LaTeX Font Info:    Checking defaults for OMX/cmex/m/n on input line 6.
LaTeX Font Info:    ... okay on input line 6.
LaTeX Font Info:    Checking defaults for U/cmr/m/n on input line 6.
LaTeX Font Info:    ... okay on input line 6.
LaTeX Font Info:    External font `cmex10' loaded for size
(Font)              <14.4> on input line 7.
LaTeX Font Info:    External font `cmex10' loaded for size
(Font)              <7> on input line 7.
Missing character: There is no Ã in font cmr12!
Missing character: There is no ¼ in font cmr12!

[1


{/usr/local/texlive/texmf-var/fonts/map/pdftex/updmap/pdftex.map}]
(./chapter_01.tex [2

]
Chapter 1.
[3] [4] [5] [6] [7] [8]
Overfull \hbox (5.44867pt too wide) in paragraph at lines 81--82
\OT1/cmr/m/n/12 years), be-ing mul-ti-plied by seventy-one, (con-sti-tutes what
) is here named
 []

[9] [10] [11] [12]) (./chapter_02.tex [13] [14

]
Chapter 2.
[15] [16] [17] [18] [19] [20] [21] [22] [23] [24] [25] [26] [27] [28] [29]
[30] [31] [32] [33] [34] [35] [36]) (./chapter_03.tex [37] [38

]
Chapter 3.
[39] [40] [41] [42] [43] [44] [45] [46] [47] [48] [49] [50] [51] [52]
Overfull \hbox (1.78899pt too wide) in paragraph at lines 161--162
[]\OT1/cmr/m/n/12 He who wran-gles or goes to law with his fa-ther, the keeper 
of a gambling-
 []

[53] [54] [55] [56] [57] [58] [59] [60] [61] [62] [63] [64]) (./chapter_04.tex
[65] [66

]
Chapter 4.

Overfull \hbox (4.8223pt too wide) in paragraph at lines 10--11
[]\OT1/cmr/m/n/12 Moreover, among these four Brah-mana house-hold-ers, each lat
er-(named)
 []

[67]
Overfull \hbox (0.61816pt too wide) in paragraph at lines 22--23
\OT1/cmr/m/n/12 more he fully un-der-stands (them), and his great learn-ing shi
nes brightly. 
 []

[68] [69]) (./chapter_05.tex [70]
Chapter 5.
[71

] [72]
Overfull \hbox (0.48344pt too wide) in paragraph at lines 29--30
[]\OT1/cmr/m/n/12 One may eat meat when it has been sprin-kled with wa-ter, whi
le Mantras
 []

[73]
Overfull \hbox (6.64459pt too wide) in paragraph at lines 38--39
[]\OT1/cmr/m/n/12 A Brah-mana must never eat (the flesh of an-i-mals un-hal-low
ed by Mantras;
 []

[74] [75] [76]
Overfull \hbox (2.75055pt too wide) in paragraph at lines 76--77
\OT1/cmr/m/n/12 scribed (for cases where the kins-men live) near (the de-ceased
); (Sapinda)
 []

[77] [78] [79]
Overfull \hbox (1.97937pt too wide) in paragraph at lines 103--104
[]\OT1/cmr/m/n/12 A Brah-mana, hav-ing car-ried out a dead Brah-mana who is not
 a Sapinda,
 []

[80]
Overfull \hbox (0.11124pt too wide) in paragraph at lines 118--119
\OT1/cmr/m/n/12 Gra-has, and of (other) sac-ri-fi-cial ves-sels (takes place) b
y rub-bing (them)
 []

[81] [82] [83] [84] [85]) (./chapter_06.tex [86]
Chapter 6.
[87

]
Overfull \hbox (0.58345pt too wide) in paragraph at lines 12--13
\OT1/cmr/m/n/12 masya (sac-ri-fices), as well as the Tu-rayana and like-wise th
e Dak-shayana,
 []

[88] [89] [90] [91] [92] [93] [94] [95]) (./chapter_07.tex [96]
Chapter 7.
[97

] [98] [99] [100]
Overfull \hbox (8.38197pt too wide) in paragraph at lines 49--50
[]\OT1/cmr/m/n/12 Hunting, gam-bling, sleep-ing by day, cen-so-ri-ous-ness, (ex
-cess with) women,
 []

[101] [102] [103]
Overfull \hbox (3.4862pt too wide) in paragraph at lines 84--85
[]\OT1/cmr/m/n/12 Let him hon-our those Brah-manas who have re-turned from thei
r teacher's
 []

[104] [105] [106] [107] [108] [109] [110] [111] [112] [113] [114] [115])
(./chapter_08.tex [116]
Chapter 8.
[117

] [118] [119] [120] [121] [122] [123] [124] [125] [126] [127] [128]
[129] [130] [131] [132] [133] [134] [135] [136] [137] [138] [139]
Overfull \hbox (13.75645pt too wide) in paragraph at lines 263--264
[]\OT1/cmr/m/n/12 (Viz.) hunters, fowlers, herds-men, fish-er-men, root-diggers
, snake-catchers,
 []

[140] [141] [142] [143] [144] [145] [146] [147] [148] [149] [150]
Overfull \hbox (10.34445pt too wide) in paragraph at lines 390--391
[]\OT1/cmr/m/n/12 The sup-pres-sion of those five in his do-min-ions se-cures t
o a king paramount
 []

[151] [152] [153]) (./chapter_09.tex [154]
Chapter 9.
[155

] [156] [157] [158] [159] [160] [161] [162] [163] [164] [165] [166]
[167] [168] [169] [170] [171] [172] [173] [174] [175] [176] [177] [178]
[179] [180] [181] [182] [183] [184]) (./chapter_10.tex [185] [186

]
Chapter 10.
[187] [188]
Overfull \hbox (4.8834pt too wide) in paragraph at lines 23--24
\OT1/cmr/m/n/12 gakan-taka, the Avantya, the Vatad-hana, the Push-padha, and th
e Saikha. 
 []


Overfull \hbox (0.55289pt too wide) in paragraph at lines 29--30
\OT1/cmr/m/n/12 own (caste), they (also) pro-duce (the like) with fe-males of t
heir mother's
 []

[189] [190] [191] [192] [193]
Overfull \hbox (0.814pt too wide) in paragraph at lines 86--87
[]\OT1/cmr/m/n/12 (Some) de-clare that agri-cul-ture is some-thing ex-cel-lent,
 (but) that means
 []

[194] [195] [196] [197] [198]) (./chapter_11.tex [199] [200

]
Chapter 11.

Overfull \hbox (2.86815pt too wide) in paragraph at lines 8--9
[]\OT1/cmr/m/n/12 One should give, ac-cord-ing to one's abil-ity, wealth to Bra
h-manas learned
 []

[201] [202] [203] [204] [205] [206] [207] [208] [209] [210] [211]
Overfull \hbox (1.80428pt too wide) in paragraph at lines 127--128
\OT1/cmr/m/n/12 (Gat-i-bhram-sakara), (the of-fender) shall per-form a Sam-ta-p
ana Krikkhra;
 []

[212] [213] [214] [215] [216] [217] [218] [219] [220] [221] [222] [223]
[224]) (./chapter_12.tex [225] [226

]
Chapter 12.
[227] [228] [229] [230] [231] [232] [233] [234]
Overfull \hbox (7.47226pt too wide) in paragraph at lines 102--103
[]\OT1/cmr/m/n/12 Command of armies, royal au-thor-ity, the of-fice of a judge,
 and sovereignty
 []

[235]
Overfull \hbox (2.50703pt too wide) in paragraph at lines 111--112
\OT1/cmr/m/n/12 with the sa-cred law, have stud-ied the Veda to-gether with its
 ap-pendages,
 []

[236] [237]) [238] (./sbe-25.aux) ) 
Here is how much of TeX's memory you used:
 276 strings out of 494894
 3040 string characters out of 6178831
 53461 words of memory out of 5000000
 3630 multiletter control sequences out of 15000+600000
 6108 words of font info for 22 fonts, out of 8000000 for 9000
 14 hyphenation exceptions out of 8191
 22i,6n,19p,454b,213s stack positions out of 5000i,500n,10000p,200000b,80000s
</usr/local/texlive/texmf-dist/fonts/type1/p
ublic/amsfonts/cm/cmbx12.pfb></usr/local/texlive/texmf-dist/fonts/type1/public/
amsfonts/cm/cmr12.pfb></usr/local/texlive/texmf-dist/fonts/type1/public/amsfont
s/cm/cmr17.pfb></usr/local/texlive/texmf-dist/fonts/type1/public/amsfonts/cm/cm
sl12.pfb>
Output written on sbe-25.pdf (238 pages, 504347 bytes).
PDF statistics:
 789 PDF objects out of 1000 (max. 8388607)
 539 compressed objects within 6 object streams
 0 named destinations out of 1000 (max. 500000)
 1 words of extra memory for PDF output out of 10000 (max. 10000000)

